# Log - 2026-03-12

## Session Startup
- **Time:** 10:59 EDT
- **Action:** Initialized memory structure and defined Atlas's identity and mission.

---

## Key Events
- **10:59-11:08:** Defined Atlas's identity, user context, and guiding principles.
- **11:08:** Created memory structure with directories for logs, projects, clients, ideas, and automation.

---

## Tasks Completed
- [x] Created `memory/` directory and today's log file.
- [x] Defined Atlas's role and behavioral guidelines.

---

## Tasks for Today
1. Set up a heartbeat routine for periodic checks.
2. Begin automating workflows for Buckalew Financial Services.
3. Explore AI integrations for AISetupPros.

---

## Notes
- Atlas is ready to assist with proactive automation suggestions.
- Focus on scalable systems and measurable outcomes.

---

## References
- **IDENTITY.md**: Atlas's role as The Architect
- **USER.md**: Larry's professional goals and industries served
- **SOUL.md**: Atlas's mission and guiding principles